This file contains any messages produced by compilers while
running configure, to aid debugging if configure makes a mistake.

It was created by configure, which was
generated by GNU Autoconf 2.59.  Invocation command line was

  $ ./configure --prefix=/usr/local --prefix=/usr/local --with-pike=/usr/local/pike/7.6.86/bin/pike --cache-file=/dev/null --srcdir=. --cache-file=/dev/null --srcdir=.

## --------- ##
## Platform. ##
## --------- ##

hostname = kessel2.upb.de
uname -m = i686
uname -r = 2.6.9-11.EL
uname -s = Linux
uname -v = #1 Fri May 20 18:17:57 EDT 2005

/usr/bin/uname -p = unknown
/bin/uname -X     = unknown

/bin/arch              = i686
/usr/bin/arch -k       = unknown
/usr/convex/getsysinfo = unknown
hostinfo               = unknown
/bin/machine           = unknown
/usr/bin/oslevel       = unknown
/bin/universe          = unknown

PATH: /usr/kerberos/sbin
PATH: /usr/kerberos/bin
PATH: /usr/local/sbin
PATH: /usr/local/bin
PATH: /sbin
PATH: /bin
PATH: /usr/sbin
PATH: /usr/bin
PATH: /usr/X11R6/bin
PATH: /usr/java/apache-ant-1.6.2/bin
PATH: /usr/java/jdk1.5.0_07/bin
PATH: /root/bin


## ----------- ##
## Core tests. ##
## ----------- ##

configure:1297: checking for pkg-config
configure:1315: found /usr/bin/pkg-config
configure:1328: result: /usr/bin/pkg-config
configure:1345: checking for libxml-2.0
configure:1349: result: yes
configure:1353: checking XML2_CFLAGS
configure:1356: result: -I/usr/include/libxml2  
configure:1359: checking XML2_LIBS
configure:1362: result: -lxml2 -lpthread -lz -lm  
configure:1443: checking for libxslt
configure:1447: result: yes
configure:1451: checking XSLT_CFLAGS
configure:1454: result: -I/usr/include/libxml2  
configure:1457: checking XSLT_LIBS
configure:1460: result: -lxslt -lxml2 -lpthread -lz -lm  
configure:1537: checking for gcc
configure:1553: found /usr/bin/gcc
configure:1563: result: gcc
configure:1807: checking for C compiler version
configure:1810: gcc --version </dev/null >&5
gcc (GCC) 3.4.3 20050227 (Red Hat 3.4.3-22.1)
Copyright (C) 2004 Free Software Foundation, Inc.
This is free software; see the source for copying conditions.  There is NO
warranty; not even for MERCHANTABILITY or FITNESS FOR A PARTICULAR PURPOSE.

configure:1813: $? = 0
configure:1815: gcc -v </dev/null >&5
Reading specs from /usr/lib/gcc/i386-redhat-linux/3.4.3/specs
Configured with: ../configure --prefix=/usr --mandir=/usr/share/man --infodir=/usr/share/info --enable-shared --enable-threads=posix --disable-checking --with-system-zlib --enable-__cxa_atexit --disable-libunwind-exceptions --enable-java-awt=gtk --host=i386-redhat-linux
Thread model: posix
gcc version 3.4.3 20050227 (Red Hat 3.4.3-22.1)
configure:1818: $? = 0
configure:1820: gcc -V </dev/null >&5
gcc: `-V' option must have argument
configure:1823: $? = 1
configure:1846: checking for C compiler default output file name
configure:1849: gcc -g -O2  -I/usr/include/libxml2   -I/usr/include/libxml2    -lxml2 -lpthread -lz -lm   -lxslt -lxml2 -lpthread -lz -lm   conftest.c -lxslt >&5
configure:1852: $? = 0
configure:1898: result: a.out
configure:1903: checking whether the C compiler works
configure:1909: ./a.out
configure:1912: $? = 0
configure:1929: result: yes
configure:1936: checking whether we are cross compiling
configure:1938: result: no
configure:1941: checking for suffix of executables
configure:1943: gcc -o conftest -g -O2  -I/usr/include/libxml2   -I/usr/include/libxml2    -lxml2 -lpthread -lz -lm   -lxslt -lxml2 -lpthread -lz -lm   conftest.c -lxslt >&5
configure:1946: $? = 0
configure:1971: result: 
configure:1977: checking for suffix of object files
configure:1998: gcc -c -g -O2  -I/usr/include/libxml2   -I/usr/include/libxml2   conftest.c >&5
configure:2001: $? = 0
configure:2023: result: o
configure:2027: checking whether we are using the GNU C compiler
configure:2051: gcc -c -g -O2  -I/usr/include/libxml2   -I/usr/include/libxml2   conftest.c >&5
configure:2057: $? = 0
configure:2061: test -z 
			 || test ! -s conftest.err
configure:2064: $? = 0
configure:2067: test -s conftest.o
configure:2070: $? = 0
configure:2083: result: yes
configure:2089: checking whether gcc accepts -g
configure:2110: gcc -c -g  -I/usr/include/libxml2   -I/usr/include/libxml2   conftest.c >&5
configure:2116: $? = 0
configure:2120: test -z 
			 || test ! -s conftest.err
configure:2123: $? = 0
configure:2126: test -s conftest.o
configure:2129: $? = 0
configure:2140: result: yes
configure:2157: checking for gcc option to accept ANSI C
configure:2227: gcc  -c -g -O2  -I/usr/include/libxml2   -I/usr/include/libxml2   conftest.c >&5
configure:2233: $? = 0
configure:2237: test -z 
			 || test ! -s conftest.err
configure:2240: $? = 0
configure:2243: test -s conftest.o
configure:2246: $? = 0
configure:2264: result: none needed
configure:2282: gcc -c -g -O2  -I/usr/include/libxml2   -I/usr/include/libxml2   conftest.c >&5
conftest.c:2: error: syntax error before "me"
configure:2288: $? = 1
configure: failed program was:
| #ifndef __cplusplus
|   choke me
| #endif
configure:2426: checking for strlcpy
configure:2483: gcc -o conftest -g -O2  -I/usr/include/libxml2   -I/usr/include/libxml2    -lxml2 -lpthread -lz -lm   -lxslt -lxml2 -lpthread -lz -lm   conftest.c -lxslt >&5
/tmp/ccyylHeF.o(.text+0x14): In function `main':
/root/astra/steam-2_5/sources/Public_Parser_XML2/conftest.c:49: undefined reference to `strlcpy'
/tmp/ccyylHeF.o(.data+0x0): undefined reference to `strlcpy'
collect2: ld returned 1 exit status
configure:2489: $? = 1
configure: failed program was:
| /* confdefs.h.  */
| 
| #define PACKAGE_NAME ""
| #define PACKAGE_TARNAME ""
| #define PACKAGE_VERSION ""
| #define PACKAGE_STRING ""
| #define PACKAGE_BUGREPORT ""
| /* end confdefs.h.  */
| /* Define strlcpy to an innocuous variant, in case <limits.h> declares strlcpy.
|    For example, HP-UX 11i <limits.h> declares gettimeofday.  */
| #define strlcpy innocuous_strlcpy
| 
| /* System header to define __stub macros and hopefully few prototypes,
|     which can conflict with char strlcpy (); below.
|     Prefer <limits.h> to <assert.h> if __STDC__ is defined, since
|     <limits.h> exists even on freestanding compilers.  */
| 
| #ifdef __STDC__
| # include <limits.h>
| #else
| # include <assert.h>
| #endif
| 
| #undef strlcpy
| 
| /* Override any gcc2 internal prototype to avoid an error.  */
| #ifdef __cplusplus
| extern "C"
| {
| #endif
| /* We use char because int might match the return type of a gcc2
|    builtin and then its argument prototype would still apply.  */
| char strlcpy ();
| /* The GNU C library defines this for functions which it implements
|     to always fail with ENOSYS.  Some functions are actually named
|     something starting with __ and the normal name is an alias.  */
| #if defined (__stub_strlcpy) || defined (__stub___strlcpy)
| choke me
| #else
| char (*f) () = strlcpy;
| #endif
| #ifdef __cplusplus
| }
| #endif
| 
| int
| main ()
| {
| return f != strlcpy;
|   ;
|   return 0;
| }
configure:2514: result: no
configure:2528: checking for memcpy
configure:2585: gcc -o conftest -g -O2  -I/usr/include/libxml2   -I/usr/include/libxml2    -lxml2 -lpthread -lz -lm   -lxslt -lxml2 -lpthread -lz -lm   conftest.c -lxslt >&5
conftest.c:33: warning: conflicting types for built-in function 'memcpy'
configure:2591: $? = 0
configure:2595: test -z 
			 || test ! -s conftest.err
configure:2598: $? = 0
configure:2601: test -s conftest
configure:2604: $? = 0
configure:2616: result: yes
configure:2632: checking how to run the C preprocessor
configure:2667: gcc -E  -I/usr/include/libxml2   -I/usr/include/libxml2   conftest.c
configure:2673: $? = 0
configure:2705: gcc -E  -I/usr/include/libxml2   -I/usr/include/libxml2   conftest.c
conftest.c:10:28: ac_nonexistent.h: No such file or directory
configure:2711: $? = 1
configure: failed program was:
| /* confdefs.h.  */
| 
| #define PACKAGE_NAME ""
| #define PACKAGE_TARNAME ""
| #define PACKAGE_VERSION ""
| #define PACKAGE_STRING ""
| #define PACKAGE_BUGREPORT ""
| #define HAVE_MEMCPY 1
| /* end confdefs.h.  */
| #include <ac_nonexistent.h>
configure:2750: result: gcc -E
configure:2774: gcc -E  -I/usr/include/libxml2   -I/usr/include/libxml2   conftest.c
configure:2780: $? = 0
configure:2812: gcc -E  -I/usr/include/libxml2   -I/usr/include/libxml2   conftest.c
conftest.c:10:28: ac_nonexistent.h: No such file or directory
configure:2818: $? = 1
configure: failed program was:
| /* confdefs.h.  */
| 
| #define PACKAGE_NAME ""
| #define PACKAGE_TARNAME ""
| #define PACKAGE_VERSION ""
| #define PACKAGE_STRING ""
| #define PACKAGE_BUGREPORT ""
| #define HAVE_MEMCPY 1
| /* end confdefs.h.  */
| #include <ac_nonexistent.h>
configure:2862: checking for egrep
configure:2872: result: grep -E
configure:2877: checking for ANSI C header files
configure:2902: gcc -c -g -O2  -I/usr/include/libxml2   -I/usr/include/libxml2   conftest.c >&5
configure:2908: $? = 0
configure:2912: test -z 
			 || test ! -s conftest.err
configure:2915: $? = 0
configure:2918: test -s conftest.o
configure:2921: $? = 0
configure:3010: gcc -o conftest -g -O2  -I/usr/include/libxml2   -I/usr/include/libxml2    -lxml2 -lpthread -lz -lm   -lxslt -lxml2 -lpthread -lz -lm   conftest.c -lxslt >&5
configure:3013: $? = 0
configure:3015: ./conftest
configure:3018: $? = 0
configure:3033: result: yes
configure:3057: checking for sys/types.h
configure:3073: gcc -c -g -O2  -I/usr/include/libxml2   -I/usr/include/libxml2   conftest.c >&5
configure:3079: $? = 0
configure:3083: test -z 
			 || test ! -s conftest.err
configure:3086: $? = 0
configure:3089: test -s conftest.o
configure:3092: $? = 0
configure:3103: result: yes
configure:3057: checking for sys/stat.h
configure:3073: gcc -c -g -O2  -I/usr/include/libxml2   -I/usr/include/libxml2   conftest.c >&5
configure:3079: $? = 0
configure:3083: test -z 
			 || test ! -s conftest.err
configure:3086: $? = 0
configure:3089: test -s conftest.o
configure:3092: $? = 0
configure:3103: result: yes
configure:3057: checking for stdlib.h
configure:3073: gcc -c -g -O2  -I/usr/include/libxml2   -I/usr/include/libxml2   conftest.c >&5
configure:3079: $? = 0
configure:3083: test -z 
			 || test ! -s conftest.err
configure:3086: $? = 0
configure:3089: test -s conftest.o
configure:3092: $? = 0
configure:3103: result: yes
configure:3057: checking for string.h
configure:3073: gcc -c -g -O2  -I/usr/include/libxml2   -I/usr/include/libxml2   conftest.c >&5
configure:3079: $? = 0
configure:3083: test -z 
			 || test ! -s conftest.err
configure:3086: $? = 0
configure:3089: test -s conftest.o
configure:3092: $? = 0
configure:3103: result: yes
configure:3057: checking for memory.h
configure:3073: gcc -c -g -O2  -I/usr/include/libxml2   -I/usr/include/libxml2   conftest.c >&5
configure:3079: $? = 0
configure:3083: test -z 
			 || test ! -s conftest.err
configure:3086: $? = 0
configure:3089: test -s conftest.o
configure:3092: $? = 0
configure:3103: result: yes
configure:3057: checking for strings.h
configure:3073: gcc -c -g -O2  -I/usr/include/libxml2   -I/usr/include/libxml2   conftest.c >&5
configure:3079: $? = 0
configure:3083: test -z 
			 || test ! -s conftest.err
configure:3086: $? = 0
configure:3089: test -s conftest.o
configure:3092: $? = 0
configure:3103: result: yes
configure:3057: checking for inttypes.h
configure:3073: gcc -c -g -O2  -I/usr/include/libxml2   -I/usr/include/libxml2   conftest.c >&5
configure:3079: $? = 0
configure:3083: test -z 
			 || test ! -s conftest.err
configure:3086: $? = 0
configure:3089: test -s conftest.o
configure:3092: $? = 0
configure:3103: result: yes
configure:3057: checking for stdint.h
configure:3073: gcc -c -g -O2  -I/usr/include/libxml2   -I/usr/include/libxml2   conftest.c >&5
configure:3079: $? = 0
configure:3083: test -z 
			 || test ! -s conftest.err
configure:3086: $? = 0
configure:3089: test -s conftest.o
configure:3092: $? = 0
configure:3103: result: yes
configure:3057: checking for unistd.h
configure:3073: gcc -c -g -O2  -I/usr/include/libxml2   -I/usr/include/libxml2   conftest.c >&5
configure:3079: $? = 0
configure:3083: test -z 
			 || test ! -s conftest.err
configure:3086: $? = 0
configure:3089: test -s conftest.o
configure:3092: $? = 0
configure:3103: result: yes
configure:3129: checking libxml/parser.h usability
configure:3141: gcc -c -g -O2  -I/usr/include/libxml2   -I/usr/include/libxml2   conftest.c >&5
configure:3147: $? = 0
configure:3151: test -z 
			 || test ! -s conftest.err
configure:3154: $? = 0
configure:3157: test -s conftest.o
configure:3160: $? = 0
configure:3170: result: yes
configure:3174: checking libxml/parser.h presence
configure:3184: gcc -E  -I/usr/include/libxml2   -I/usr/include/libxml2   conftest.c
configure:3190: $? = 0
configure:3210: result: yes
configure:3245: checking for libxml/parser.h
configure:3252: result: yes
configure:3279: checking libxml/xpath.h usability
configure:3291: gcc -c -g -O2  -I/usr/include/libxml2   -I/usr/include/libxml2   conftest.c >&5
configure:3297: $? = 0
configure:3301: test -z 
			 || test ! -s conftest.err
configure:3304: $? = 0
configure:3307: test -s conftest.o
configure:3310: $? = 0
configure:3320: result: yes
configure:3324: checking libxml/xpath.h presence
configure:3334: gcc -E  -I/usr/include/libxml2   -I/usr/include/libxml2   conftest.c
configure:3340: $? = 0
configure:3360: result: yes
configure:3395: checking for libxml/xpath.h
configure:3402: result: yes
configure:3429: checking libxml/SAX2.h usability
configure:3441: gcc -c -g -O2  -I/usr/include/libxml2   -I/usr/include/libxml2   conftest.c >&5
configure:3447: $? = 0
configure:3451: test -z 
			 || test ! -s conftest.err
configure:3454: $? = 0
configure:3457: test -s conftest.o
configure:3460: $? = 0
configure:3470: result: yes
configure:3474: checking libxml/SAX2.h presence
configure:3484: gcc -E  -I/usr/include/libxml2   -I/usr/include/libxml2   conftest.c
configure:3490: $? = 0
configure:3510: result: yes
configure:3545: checking for libxml/SAX2.h
configure:3552: result: yes
configure:3579: checking libxml/xmlreader.h usability
configure:3591: gcc -c -g -O2  -I/usr/include/libxml2   -I/usr/include/libxml2   conftest.c >&5
configure:3597: $? = 0
configure:3601: test -z 
			 || test ! -s conftest.err
configure:3604: $? = 0
configure:3607: test -s conftest.o
configure:3610: $? = 0
configure:3620: result: yes
configure:3624: checking libxml/xmlreader.h presence
configure:3634: gcc -E  -I/usr/include/libxml2   -I/usr/include/libxml2   conftest.c
configure:3640: $? = 0
configure:3660: result: yes
configure:3695: checking for libxml/xmlreader.h
configure:3702: result: yes
configure:3729: checking libxml/relaxng.h usability
configure:3741: gcc -c -g -O2  -I/usr/include/libxml2   -I/usr/include/libxml2   conftest.c >&5
configure:3747: $? = 0
configure:3751: test -z 
			 || test ! -s conftest.err
configure:3754: $? = 0
configure:3757: test -s conftest.o
configure:3760: $? = 0
configure:3770: result: yes
configure:3774: checking libxml/relaxng.h presence
configure:3784: gcc -E  -I/usr/include/libxml2   -I/usr/include/libxml2   conftest.c
configure:3790: $? = 0
configure:3810: result: yes
configure:3845: checking for libxml/relaxng.h
configure:3852: result: yes
configure:3880: checking libxslt/xslt.h usability
configure:3892: gcc -c -g -O2  -I/usr/include/libxml2   -I/usr/include/libxml2   conftest.c >&5
configure:3898: $? = 0
configure:3902: test -z 
			 || test ! -s conftest.err
configure:3905: $? = 0
configure:3908: test -s conftest.o
configure:3911: $? = 0
configure:3921: result: yes
configure:3925: checking libxslt/xslt.h presence
configure:3935: gcc -E  -I/usr/include/libxml2   -I/usr/include/libxml2   conftest.c
configure:3941: $? = 0
configure:3961: result: yes
configure:3996: checking for libxslt/xslt.h
configure:4003: result: yes
configure:4030: checking libxslt/xsltInternals.h usability
configure:4042: gcc -c -g -O2  -I/usr/include/libxml2   -I/usr/include/libxml2   conftest.c >&5
configure:4048: $? = 0
configure:4052: test -z 
			 || test ! -s conftest.err
configure:4055: $? = 0
configure:4058: test -s conftest.o
configure:4061: $? = 0
configure:4071: result: yes
configure:4075: checking libxslt/xsltInternals.h presence
configure:4085: gcc -E  -I/usr/include/libxml2   -I/usr/include/libxml2   conftest.c
configure:4091: $? = 0
configure:4111: result: yes
configure:4146: checking for libxslt/xsltInternals.h
configure:4153: result: yes
configure:4180: checking libxslt/transform.h usability
configure:4192: gcc -c -g -O2  -I/usr/include/libxml2   -I/usr/include/libxml2   conftest.c >&5
configure:4198: $? = 0
configure:4202: test -z 
			 || test ! -s conftest.err
configure:4205: $? = 0
configure:4208: test -s conftest.o
configure:4211: $? = 0
configure:4221: result: yes
configure:4225: checking libxslt/transform.h presence
configure:4235: gcc -E  -I/usr/include/libxml2   -I/usr/include/libxml2   conftest.c
configure:4241: $? = 0
configure:4261: result: yes
configure:4296: checking for libxslt/transform.h
configure:4303: result: yes
configure:4330: checking libxslt/xsltutils.h usability
configure:4342: gcc -c -g -O2  -I/usr/include/libxml2   -I/usr/include/libxml2   conftest.c >&5
configure:4348: $? = 0
configure:4352: test -z 
			 || test ! -s conftest.err
configure:4355: $? = 0
configure:4358: test -s conftest.o
configure:4361: $? = 0
configure:4371: result: yes
configure:4375: checking libxslt/xsltutils.h presence
configure:4385: gcc -E  -I/usr/include/libxml2   -I/usr/include/libxml2   conftest.c
configure:4391: $? = 0
configure:4411: result: yes
configure:4446: checking for libxslt/xsltutils.h
configure:4453: result: yes
configure:4480: checking libxslt/document.h usability
configure:4492: gcc -c -g -O2  -I/usr/include/libxml2   -I/usr/include/libxml2   conftest.c >&5
conftest.c:63:30: libxslt/document.h: No such file or directory
configure:4498: $? = 1
configure: failed program was:
| /* confdefs.h.  */
| 
| #define PACKAGE_NAME ""
| #define PACKAGE_TARNAME ""
| #define PACKAGE_VERSION ""
| #define PACKAGE_STRING ""
| #define PACKAGE_BUGREPORT ""
| #define HAVE_MEMCPY 1
| #define STDC_HEADERS 1
| #define HAVE_SYS_TYPES_H 1
| #define HAVE_SYS_STAT_H 1
| #define HAVE_STDLIB_H 1
| #define HAVE_STRING_H 1
| #define HAVE_MEMORY_H 1
| #define HAVE_STRINGS_H 1
| #define HAVE_INTTYPES_H 1
| #define HAVE_STDINT_H 1
| #define HAVE_UNISTD_H 1
| #define HAVE_LIBXML_PARSER_H 1
| #define HAVE_LIBXML_XPATH_H 1
| #define HAVE_LIBXML_SAX2_H 1
| #define HAVE_LIBXML_XMLREADER_H 1
| #define HAVE_LIBXML_RELAXNG_H 1
| #define HAVE_LIBXSLT_XSLT_H 1
| #define HAVE_LIBXSLT_XSLTINTERNALS_H 1
| #define HAVE_LIBXSLT_TRANSFORM_H 1
| #define HAVE_LIBXSLT_XSLTUTILS_H 1
| /* end confdefs.h.  */
| #include <stdio.h>
| #if HAVE_SYS_TYPES_H
| # include <sys/types.h>
| #endif
| #if HAVE_SYS_STAT_H
| # include <sys/stat.h>
| #endif
| #if STDC_HEADERS
| # include <stdlib.h>
| # include <stddef.h>
| #else
| # if HAVE_STDLIB_H
| #  include <stdlib.h>
| # endif
| #endif
| #if HAVE_STRING_H
| # if !STDC_HEADERS && HAVE_MEMORY_H
| #  include <memory.h>
| # endif
| # include <string.h>
| #endif
| #if HAVE_STRINGS_H
| # include <strings.h>
| #endif
| #if HAVE_INTTYPES_H
| # include <inttypes.h>
| #else
| # if HAVE_STDINT_H
| #  include <stdint.h>
| # endif
| #endif
| #if HAVE_UNISTD_H
| # include <unistd.h>
| #endif
| #include <libxslt/document.h>
configure:4521: result: no
configure:4525: checking libxslt/document.h presence
configure:4535: gcc -E  -I/usr/include/libxml2   -I/usr/include/libxml2   conftest.c
conftest.c:29:30: libxslt/document.h: No such file or directory
configure:4541: $? = 1
configure: failed program was:
| /* confdefs.h.  */
| 
| #define PACKAGE_NAME ""
| #define PACKAGE_TARNAME ""
| #define PACKAGE_VERSION ""
| #define PACKAGE_STRING ""
| #define PACKAGE_BUGREPORT ""
| #define HAVE_MEMCPY 1
| #define STDC_HEADERS 1
| #define HAVE_SYS_TYPES_H 1
| #define HAVE_SYS_STAT_H 1
| #define HAVE_STDLIB_H 1
| #define HAVE_STRING_H 1
| #define HAVE_MEMORY_H 1
| #define HAVE_STRINGS_H 1
| #define HAVE_INTTYPES_H 1
| #define HAVE_STDINT_H 1
| #define HAVE_UNISTD_H 1
| #define HAVE_LIBXML_PARSER_H 1
| #define HAVE_LIBXML_XPATH_H 1
| #define HAVE_LIBXML_SAX2_H 1
| #define HAVE_LIBXML_XMLREADER_H 1
| #define HAVE_LIBXML_RELAXNG_H 1
| #define HAVE_LIBXSLT_XSLT_H 1
| #define HAVE_LIBXSLT_XSLTINTERNALS_H 1
| #define HAVE_LIBXSLT_TRANSFORM_H 1
| #define HAVE_LIBXSLT_XSLTUTILS_H 1
| /* end confdefs.h.  */
| #include <libxslt/document.h>
configure:4561: result: no
configure:4596: checking for libxslt/document.h
configure:4603: result: no
configure:4618: checking for xmlCleanupParser in -lxml2
configure:4648: gcc -o conftest -g -O2  -I/usr/include/libxml2   -I/usr/include/libxml2    -lxml2 -lpthread -lz -lm   -lxslt -lxml2 -lpthread -lz -lm   conftest.c -lxml2  -lxslt >&5
configure:4654: $? = 0
configure:4658: test -z 
			 || test ! -s conftest.err
configure:4661: $? = 0
configure:4664: test -s conftest
configure:4667: $? = 0
configure:4680: result: yes
configure:4692: checking for xsltCleanupGlobals in -lxslt
configure:4722: gcc -o conftest -g -O2  -I/usr/include/libxml2   -I/usr/include/libxml2    -lxml2 -lpthread -lz -lm   -lxslt -lxml2 -lpthread -lz -lm   conftest.c -lxslt  -lxml2 -lxslt >&5
configure:4728: $? = 0
configure:4732: test -z 
			 || test ! -s conftest.err
configure:4735: $? = 0
configure:4738: test -s conftest
configure:4741: $? = 0
configure:4754: result: yes
configure:4770: checking for xmlNewDocPI
configure:4827: gcc -o conftest -g -O2  -I/usr/include/libxml2   -I/usr/include/libxml2    -lxml2 -lpthread -lz -lm   -lxslt -lxml2 -lpthread -lz -lm   conftest.c -lxslt -lxml2 -lxslt >&5
configure:4833: $? = 0
configure:4837: test -z 
			 || test ! -s conftest.err
configure:4840: $? = 0
configure:4843: test -s conftest
configure:4846: $? = 0
configure:4858: result: yes
configure:4872: checking for xsltSetLoaderFunc
configure:4929: gcc -o conftest -g -O2  -I/usr/include/libxml2   -I/usr/include/libxml2    -lxml2 -lpthread -lz -lm   -lxslt -lxml2 -lpthread -lz -lm   conftest.c -lxslt -lxml2 -lxslt >&5
configure:4935: $? = 0
configure:4939: test -z 
			 || test ! -s conftest.err
configure:4942: $? = 0
configure:4945: test -s conftest
configure:4948: $? = 0
configure:4960: result: yes
configure:4974: checking for xmlTextReaderGetParserLineNumber
configure:5031: gcc -o conftest -g -O2  -I/usr/include/libxml2   -I/usr/include/libxml2    -lxml2 -lpthread -lz -lm   -lxslt -lxml2 -lpthread -lz -lm   conftest.c -lxslt -lxml2 -lxslt >&5
configure:5037: $? = 0
configure:5041: test -z 
			 || test ! -s conftest.err
configure:5044: $? = 0
configure:5047: test -s conftest
configure:5050: $? = 0
configure:5062: result: yes
configure:5076: checking for xmlTextReaderGetParserColumnNumber
configure:5133: gcc -o conftest -g -O2  -I/usr/include/libxml2   -I/usr/include/libxml2    -lxml2 -lpthread -lz -lm   -lxslt -lxml2 -lpthread -lz -lm   conftest.c -lxslt -lxml2 -lxslt >&5
configure:5139: $? = 0
configure:5143: test -z 
			 || test ! -s conftest.err
configure:5146: $? = 0
configure:5149: test -s conftest
configure:5152: $? = 0
configure:5164: result: yes
configure:5178: checking for xmlTextReaderIsNamespaceDecl
configure:5235: gcc -o conftest -g -O2  -I/usr/include/libxml2   -I/usr/include/libxml2    -lxml2 -lpthread -lz -lm   -lxslt -lxml2 -lpthread -lz -lm   conftest.c -lxslt -lxml2 -lxslt >&5
configure:5241: $? = 0
configure:5245: test -z 
			 || test ! -s conftest.err
configure:5248: $? = 0
configure:5251: test -s conftest
configure:5254: $? = 0
configure:5266: result: yes
configure:5388: creating ./config.status

## ---------------------- ##
## Running config.status. ##
## ---------------------- ##

This file was extended by config.status, which was
generated by GNU Autoconf 2.59.  Invocation command line was

  CONFIG_FILES    = 
  CONFIG_HEADERS  = 
  CONFIG_LINKS    = 
  CONFIG_COMMANDS = 
  $ ./config.status 

on kessel2.upb.de

config.status:650: creating Makefile
config.status:753: creating xml2_config.h

## ---------------- ##
## Cache variables. ##
## ---------------- ##

ac_cv_c_compiler_gnu=yes
ac_cv_env_CC_set=
ac_cv_env_CC_value=
ac_cv_env_CFLAGS_set=set
ac_cv_env_CFLAGS_value='-g -O2'
ac_cv_env_CPPFLAGS_set=
ac_cv_env_CPPFLAGS_value=
ac_cv_env_CPP_set=
ac_cv_env_CPP_value=
ac_cv_env_LDFLAGS_set=set
ac_cv_env_LDFLAGS_value=
ac_cv_env_build_alias_set=
ac_cv_env_build_alias_value=
ac_cv_env_host_alias_set=
ac_cv_env_host_alias_value=
ac_cv_env_target_alias_set=
ac_cv_env_target_alias_value=
ac_cv_exeext=
ac_cv_func_memcpy=yes
ac_cv_func_strlcpy=no
ac_cv_func_xmlNewDocPI=yes
ac_cv_func_xmlTextReaderGetParserColumnNumber=yes
ac_cv_func_xmlTextReaderGetParserLineNumber=yes
ac_cv_func_xmlTextReaderIsNamespaceDecl=yes
ac_cv_func_xsltSetLoaderFunc=yes
ac_cv_header_inttypes_h=yes
ac_cv_header_libxml_SAX2_h=yes
ac_cv_header_libxml_parser_h=yes
ac_cv_header_libxml_relaxng_h=yes
ac_cv_header_libxml_xmlreader_h=yes
ac_cv_header_libxml_xpath_h=yes
ac_cv_header_libxslt_document_h=no
ac_cv_header_libxslt_transform_h=yes
ac_cv_header_libxslt_xsltInternals_h=yes
ac_cv_header_libxslt_xslt_h=yes
ac_cv_header_libxslt_xsltutils_h=yes
ac_cv_header_memory_h=yes
ac_cv_header_stdc=yes
ac_cv_header_stdint_h=yes
ac_cv_header_stdlib_h=yes
ac_cv_header_string_h=yes
ac_cv_header_strings_h=yes
ac_cv_header_sys_stat_h=yes
ac_cv_header_sys_types_h=yes
ac_cv_header_unistd_h=yes
ac_cv_lib_xml2_xmlCleanupParser=yes
ac_cv_lib_xslt_xsltCleanupGlobals=yes
ac_cv_objext=o
ac_cv_path_PKG_CONFIG=/usr/bin/pkg-config
ac_cv_prog_CPP='gcc -E'
ac_cv_prog_ac_ct_CC=gcc
ac_cv_prog_cc_g=yes
ac_cv_prog_cc_stdc=
ac_cv_prog_egrep='grep -E'

## ----------------- ##
## Output variables. ##
## ----------------- ##

CC='gcc'
CFLAGS='-g -O2'
CPP='gcc -E'
CPPFLAGS=' -I/usr/include/libxml2   -I/usr/include/libxml2  '
DEFS='-DHAVE_CONFIG_H'
ECHO_C=''
ECHO_N='-n'
ECHO_T=''
EGREP='grep -E'
EXEEXT=''
LDFLAGS=' -lxml2 -lpthread -lz -lm   -lxslt -lxml2 -lpthread -lz -lm  '
LIBOBJS=''
LIBS='-lxslt -lxml2 -lxslt'
LTLIBOBJS=''
OBJEXT='o'
PACKAGE_BUGREPORT=''
PACKAGE_NAME=''
PACKAGE_STRING=''
PACKAGE_TARNAME=''
PACKAGE_VERSION=''
PATH_SEPARATOR=':'
PIKE='/usr/local/pike/7.6.86/bin/pike'
PIKE_INCLUDE_PREFIX='/usr/local/pike/7.6.86/include/pike'
PIKE_VERSION='7.6'
PKG_CONFIG='/usr/bin/pkg-config'
SHELL='/bin/sh'
XML2_CFLAGS='-I/usr/include/libxml2  '
XML2_LIBS='-lxml2 -lpthread -lz -lm  '
XSLT_CFLAGS='-I/usr/include/libxml2  '
XSLT_LIBS='-lxslt -lxml2 -lpthread -lz -lm  '
ac_ct_CC='gcc'
bindir='${exec_prefix}/bin'
build_alias=''
datadir='${prefix}/share'
exec_prefix='${prefix}'
host_alias=''
includedir='${prefix}/include'
infodir='${prefix}/info'
libdir='${exec_prefix}/lib'
libexecdir='${exec_prefix}/libexec'
localstatedir='${prefix}/var'
make_variables_in='/usr/local/pike/7.6.86/include/pike/make_variables.in'
mandir='${prefix}/man'
oldincludedir='/usr/include'
prefix='/usr/local'
program_transform_name='s,x,x,'
sbindir='${exec_prefix}/sbin'
sharedstatedir='${prefix}/com'
sysconfdir='${prefix}/etc'
target_alias=''

## ----------- ##
## confdefs.h. ##
## ----------- ##

#define HAVE_INTTYPES_H 1
#define HAVE_LIBXML2 1
#define HAVE_LIBXML_PARSER_H 1
#define HAVE_LIBXML_RELAXNG_H 1
#define HAVE_LIBXML_SAX2_H 1
#define HAVE_LIBXML_XMLREADER_H 1
#define HAVE_LIBXML_XPATH_H 1
#define HAVE_LIBXSLT 1
#define HAVE_LIBXSLT_TRANSFORM_H 1
#define HAVE_LIBXSLT_XSLTINTERNALS_H 1
#define HAVE_LIBXSLT_XSLTUTILS_H 1
#define HAVE_LIBXSLT_XSLT_H 1
#define HAVE_MEMCPY 1
#define HAVE_MEMORY_H 1
#define HAVE_STDINT_H 1
#define HAVE_STDLIB_H 1
#define HAVE_STRINGS_H 1
#define HAVE_STRING_H 1
#define HAVE_SYS_STAT_H 1
#define HAVE_SYS_TYPES_H 1
#define HAVE_UNISTD_H 1
#define HAVE_XMLNEWDOCPI 1
#define HAVE_XMLTEXTREADERGETPARSERCOLUMNNUMBER 1
#define HAVE_XMLTEXTREADERGETPARSERLINENUMBER 1
#define HAVE_XMLTEXTREADERISNAMESPACEDECL 1
#define HAVE_XSLTSETLOADERFUNC 1
#define PACKAGE_BUGREPORT ""
#define PACKAGE_NAME ""
#define PACKAGE_STRING ""
#define PACKAGE_TARNAME ""
#define PACKAGE_VERSION ""
#define STDC_HEADERS 1

configure: exit 0
